platforms/android/app/build/intermediates/manifest_merge_blame_file/debug/manifest-merger-blame-debug-report.txt
1<?xml version="1.0" encoding="utf-8"?>
2<manifest xmlns:android="http://schemas.android.com/apk/res/android"
3    package="org.nativescript.ngsample"
4    android:versionCode="1"
5    android:versionName="1.0" >
6
7    <uses-sdk
7-->src/main/AndroidManifest.xml:17:3-19:46
8        android:minSdkVersion="17"
8-->src/main/AndroidManifest.xml:18:5-31
9        android:targetSdkVersion="29" />
9-->src/main/AndroidManifest.xml:19:5-44
10
11    <uses-feature
11-->src/main/AndroidManifest.xml:6:3-7:43
12        android:name="android.software.leanback"
12-->src/main/AndroidManifest.xml:6:17-57
13        android:required="true" />
13-->src/main/AndroidManifest.xml:7:17-40
14    <uses-feature
14-->src/main/AndroidManifest.xml:8:3-9:44
15        android:name="android.hardware.touchscreen"
15-->src/main/AndroidManifest.xml:8:17-60
16        android:required="false" />
16-->src/main/AndroidManifest.xml:9:17-41
17
18    <supports-screens android:smallScreens="true" />
18-->src/main/AndroidManifest.xml:11:3-12:34
18-->src/main/AndroidManifest.xml:12:5-32
19  		android:normalScreens="true"
20  		android:largeScreens="true"
21  		android:xlargeScreens="true"/>
22    <uses-permission android:name="android.permission.READ_EXTERNAL_STORAGE" />
22-->src/main/AndroidManifest.xml:21:3-77
22-->src/main/AndroidManifest.xml:21:20-75
23    <uses-permission android:name="android.permission.WRITE_EXTERNAL_STORAGE" />
23-->src/main/AndroidManifest.xml:22:3-78
23-->src/main/AndroidManifest.xml:22:20-76
24    <uses-permission android:name="android.permission.INTERNET" />
24-->src/main/AndroidManifest.xml:23:3-64
24-->src/main/AndroidManifest.xml:23:20-62
25
26    <application
26-->src/main/AndroidManifest.xml:25:3-47:17
27        android:name="com.tns.NativeScriptApplication"
27-->src/main/AndroidManifest.xml:26:5-51
28        android:allowBackup="true"
28-->src/main/AndroidManifest.xml:28:5-31
29        android:appComponentFactory="androidx.core.app.CoreComponentFactory"
29-->[androidx.core:core:1.0.1] AndroidManifest.xml:22:18-86
30        android:debuggable="true"
31        android:icon="@drawable/icon"
31-->src/main/AndroidManifest.xml:29:5-34
32        android:label="@string/app_name"
32-->src/main/AndroidManifest.xml:30:5-37
33        android:networkSecurityConfig="@xml/network_security_config"
33-->src/main/AndroidManifest.xml:27:5-65
34        android:theme="@style/AppTheme" >
34-->src/main/AndroidManifest.xml:31:5-36
35        <activity
35-->src/main/AndroidManifest.xml:33:5-45:16
36            android:name="com.tns.NativeScriptActivity"
36-->src/main/AndroidManifest.xml:34:7-50
37            android:configChanges="keyboard|keyboardHidden|orientation|screenSize|smallestScreenSize|screenLayout|locale|uiMode"
37-->src/main/AndroidManifest.xml:36:7-123
38            android:label="@string/title_activity_kimera"
38-->src/main/AndroidManifest.xml:35:7-52
39            android:theme="@style/LaunchScreenTheme" >
39-->src/main/AndroidManifest.xml:37:7-47
40            <meta-data
40-->src/main/AndroidManifest.xml:39:7-89
41                android:name="SET_THEME_ON_LAUNCH"
41-->src/main/AndroidManifest.xml:39:18-52
42                android:resource="@style/AppTheme" />
42-->src/main/AndroidManifest.xml:39:53-87
43
44            <intent-filter>
44-->src/main/AndroidManifest.xml:41:7-44:23
45                <action android:name="android.intent.action.MAIN" />
45-->src/main/AndroidManifest.xml:42:9-60
45-->src/main/AndroidManifest.xml:42:17-58
46
47                <category android:name="android.intent.category.LEANBACK_LAUNCHER" />
47-->src/main/AndroidManifest.xml:43:9-78
47-->src/main/AndroidManifest.xml:43:19-75
48            </intent-filter>
49        </activity>
50        <activity android:name="com.tns.ErrorReportActivity" />
50-->src/main/AndroidManifest.xml:46:5-59
50-->src/main/AndroidManifest.xml:46:15-57
51    </application>
52
53</manifest>